<?xml version="1.0" encoding="UTF-8"?>
<!-- Generated by org.testng.reporters.JUnitReportReporter -->
<testsuite hostname="SCI-LT-098" failures="0" tests="1" name="testCases.TestCase1" time="16.544" errors="0" timestamp="2022-04-04T13:13:42 IST" skipped="0">
  <testcase classname="testCases.TestCase1" name="Run" time="16.544"/>
  <system-out/>
</testsuite> <!-- testCases.TestCase1 -->
