<?xml version="1.0" encoding="UTF-8"?>
<!-- Generated by org.testng.reporters.JUnitReportReporter -->
<testsuite hostname="SCI-LT-098" failures="0" tests="1" name="OrderUsingAnnotations" time="20.988" errors="0" timestamp="2022-03-28T18:47:58 IST" skipped="0">
  <testcase classname="OrderUsingAnnotations" name="testCase" time="20.988"/>
  <system-out/>
</testsuite> <!-- OrderUsingAnnotations -->
