<?xml version="1.0" encoding="UTF-8"?>
<!-- Generated by org.testng.reporters.JUnitReportReporter -->
<testsuite hostname="SCI-LT-098" failures="0" tests="10" name="utils.DP" time="49.827" errors="0" timestamp="2022-03-28T18:51:03 IST" skipped="0">
  <testcase classname="utils.DP" name="RegistrationData" time="4.070"/>
  <system-out/>
  <testcase classname="utils.DP" name="RegistrationData" time="4.907"/>
  <system-out/>
  <testcase classname="utils.DP" name="RegistrationData" time="4.864"/>
  <system-out/>
  <testcase classname="utils.DP" name="RegistrationData" time="4.824"/>
  <system-out/>
  <testcase classname="utils.DP" name="RegistrationData" time="9.441"/>
  <system-out/>
  <testcase classname="utils.DP" name="RegistrationData" time="3.935"/>
  <system-out/>
  <testcase classname="utils.DP" name="RegistrationData" time="4.247"/>
  <system-out/>
  <testcase classname="utils.DP" name="RegistrationData" time="4.592"/>
  <system-out/>
  <testcase classname="utils.DP" name="RegistrationData" time="4.932"/>
  <system-out/>
  <testcase classname="utils.DP" name="RegistrationData" time="4.015"/>
  <system-out/>
</testsuite> <!-- utils.DP -->
