<?xml version="1.0" encoding="UTF-8"?>
<!-- Generated by org.testng.reporters.JUnitReportReporter -->
<testsuite hostname="SCI-LT-098" failures="0" tests="1" name="testCases.TestCase01" time="8.003" errors="0" timestamp="2022-03-25T13:36:51 IST" skipped="0">
  <testcase classname="testCases.TestCase01" name="test" time="8.003"/>
  <system-out/>
</testsuite> <!-- testCases.TestCase01 -->
