<?xml version="1.0" encoding="UTF-8"?>
<!-- Generated by org.testng.reporters.JUnitReportReporter -->
<testsuite hostname="SCI-LT-098" failures="0" tests="1" name="Main1" time="0.006" errors="0" timestamp="2022-03-15T09:30:48 IST" skipped="0">
  <testcase classname="Main1" name="testCase1" time="0.006"/>
  <system-out/>
</testsuite> <!-- Main1 -->
