<?xml version="1.0" encoding="UTF-8"?>
<!-- Generated by org.testng.reporters.JUnitReportReporter -->
<testsuite hostname="SCI-LT-098" failures="0" tests="4" name="DProvider" time="0.012" errors="0" timestamp="2022-03-14T19:02:29 IST" skipped="0">
  <testcase classname="DProvider" name="myTest" time="0.009"/>
  <system-out/>
  <testcase classname="DProvider" name="myTest" time="0.001"/>
  <system-out/>
  <testcase classname="DProvider" name="myTest" time="0.001"/>
  <system-out/>
  <testcase classname="DProvider" name="myTest" time="0.001"/>
  <system-out/>
</testsuite> <!-- DProvider -->
