<?xml version="1.0" encoding="UTF-8"?>
<!-- Generated by org.testng.reporters.JUnitReportReporter -->
<testsuite hostname="SCI-LT-098" failures="0" tests="1" name="utils.GoldPeakBeverages" time="14.610" errors="0" timestamp="2022-04-04T13:36:57 IST" skipped="0">
  <testcase classname="utils.GoldPeakBeverages" name="SignIn" time="14.610"/>
  <system-out/>
</testsuite> <!-- utils.GoldPeakBeverages -->
