<?xml version="1.0" encoding="UTF-8"?>
<!-- Generated by org.testng.reporters.JUnitReportReporter -->
<testsuite hostname="SCI-LT-098" failures="0" tests="1" name="utils.GoldPeakBeverages" time="14.776" errors="0" timestamp="2022-03-28T23:00:17 IST" skipped="0">
  <testcase classname="utils.GoldPeakBeverages" name="SocialMediaClickable" time="14.776"/>
  <system-out/>
</testsuite> <!-- utils.GoldPeakBeverages -->
