<?xml version="1.0" encoding="UTF-8"?>
<!-- Generated by org.testng.reporters.JUnitReportReporter -->
<testsuite hostname="SCI-LT-098" failures="0" tests="1" name="utils.ExcelUtilsDemo" time="0.678" errors="0" timestamp="2022-03-15T12:48:11 IST" skipped="0">
  <testcase classname="utils.ExcelUtilsDemo" name="TestRun" time="0.678"/>
  <system-out/>
</testsuite> <!-- utils.ExcelUtilsDemo -->
